<?xml version="1.0" encoding="UTF-8"?>
<!-- Generated by org.testng.reporters.JUnitXMLReporter -->
<testsuite hostname="INsaikrisv.local" name="Default test" tests="3" failures="0" timestamp="23 Nov 2015 11:29:45 GMT" time="47.201" errors="0">
  <testcase name="addNewContacts" time="16.436" classname="com.appium.android.test.AppiumSwitchApp"/>
  <testcase name="sendMessage" time="19.719" classname="com.appium.android.test.AppiumSwitchApp"/>
  <testcase name="deleteContact" time="8.34" classname="com.appium.android.test.AppiumSwitchApp"/>
</testsuite> <!-- Default test -->
