<?xml version="1.0" encoding="UTF-8"?>
<testng-results skipped="0" failed="0" total="3" passed="3">
  <reporter-output>
  </reporter-output>
  <suite name="Default suite" duration-ms="47201" started-at="2015-11-23T11:28:58Z" finished-at="2015-11-23T11:29:45Z">
    <groups>
    </groups>
    <test name="Default test" duration-ms="47201" started-at="2015-11-23T11:28:58Z" finished-at="2015-11-23T11:29:45Z">
      <class name="com.appium.android.test.AppiumSwitchApp">
        <test-method status="PASS" signature="setUp()[pri:0, instance:com.appium.android.test.AppiumSwitchApp@39ba5a14]" name="setUp" is-config="true" duration-ms="2267" started-at="2015-11-23T16:58:58Z" finished-at="2015-11-23T16:59:00Z">
          <reporter-output>
          </reporter-output>
        </test-method> <!-- setUp -->
        <test-method status="PASS" signature="addNewContacts()[pri:0, instance:com.appium.android.test.AppiumSwitchApp@39ba5a14]" name="addNewContacts" duration-ms="16436" started-at="2015-11-23T16:59:00Z" finished-at="2015-11-23T16:59:17Z">
          <reporter-output>
          </reporter-output>
        </test-method> <!-- addNewContacts -->
        <test-method status="PASS" signature="sendMessage()[pri:0, instance:com.appium.android.test.AppiumSwitchApp@39ba5a14]" name="sendMessage" duration-ms="19719" started-at="2015-11-23T16:59:17Z" finished-at="2015-11-23T16:59:36Z">
          <reporter-output>
          </reporter-output>
        </test-method> <!-- sendMessage -->
        <test-method status="PASS" signature="deleteContact()[pri:0, instance:com.appium.android.test.AppiumSwitchApp@39ba5a14]" name="deleteContact" duration-ms="8340" started-at="2015-11-23T16:59:36Z" finished-at="2015-11-23T16:59:45Z">
          <reporter-output>
          </reporter-output>
        </test-method> <!-- deleteContact -->
        <test-method status="PASS" signature="tearDown()[pri:0, instance:com.appium.android.test.AppiumSwitchApp@39ba5a14]" name="tearDown" is-config="true" duration-ms="426" started-at="2015-11-23T16:59:45Z" finished-at="2015-11-23T16:59:45Z">
          <reporter-output>
          </reporter-output>
        </test-method> <!-- tearDown -->
      </class> <!-- com.appium.android.test.AppiumSwitchApp -->
    </test> <!-- Default test -->
  </suite> <!-- Default suite -->
</testng-results>
